# JRE version: OpenJDK Runtime Environment (8.0_212-b04) (build 1.8.0_212-release-1586-b04)
# Java VM: OpenJDK 64-Bit Server VM (25.212-b04 mixed mode windows-amd64 compressed oops)
Heap:
 PSYoungGen      total 70656K, used 26029K [0x00000000e0000000, 0x00000000e7780000, 0x0000000100000000)
  eden space 57856K, 31% used [0x00000000e0000000,0x00000000e11a08d8,0x00000000e3880000)
  from space 12800K, 62% used [0x00000000e3880000,0x00000000e404ae10,0x00000000e4500000)
  to   space 12288K, 0% used [0x00000000e6b80000,0x00000000e6b80000,0x00000000e7780000)
 ParOldGen       total 64000K, used 15376K [0x00000000a0000000, 0x00000000a3e80000, 0x00000000e0000000)
  object space 64000K, 24% used [0x00000000a0000000,0x00000000a0f04268,0x00000000a3e80000)
 Metaspace       used 32580K, capacity 33184K, committed 33408K, reserved 1077248K
  class space    used 4462K, capacity 4655K, committed 4736K, reserved 1048576K
GC Heap History (10 events):
Event: 3.734 GC heap before
{Heap before GC invocations=4 (full 0):
 PSYoungGen      total 37888K, used 37880K [0x00000000e0000000, 0x00000000e4a00000, 0x0000000100000000)
  eden space 32768K, 100% used [0x00000000e0000000,0x00000000e2000000,0x00000000e2000000)
  from space 5120K, 99% used [0x00000000e2000000,0x00000000e24fe010,0x00000000e2500000)
  to   space 5120K, 0% used [0x00000000e4500000,0x00000000e4500000,0x00000000e4a00000)
 ParOldGen       total 86016K, used 1605K [0x00000000a0000000, 0x00000000a5400000, 0x00000000e0000000)
  object space 86016K, 1% used [0x00000000a0000000,0x00000000a01915f8,0x00000000a5400000)
 Metaspace       used 14688K, capacity 15120K, committed 15232K, reserved 1062912K
  class space    used 2046K, capacity 2164K, committed 2176K, reserved 1048576K
Event: 3.744 GC heap after
Heap after GC invocations=4 (full 0):
 PSYoungGen      total 70656K, used 5096K [0x00000000e0000000, 0x00000000e4a00000, 0x0000000100000000)
  eden space 65536K, 0% used [0x00000000e0000000,0x00000000e0000000,0x00000000e4000000)
  from space 5120K, 99% used [0x00000000e4500000,0x00000000e49fa020,0x00000000e4a00000)
  to   space 5120K, 0% used [0x00000000e4000000,0x00000000e4000000,0x00000000e4500000)
 ParOldGen       total 86016K, used 4324K [0x00000000a0000000, 0x00000000a5400000, 0x00000000e0000000)
  object space 86016K, 5% used [0x00000000a0000000,0x00000000a0439120,0x00000000a5400000)
 Metaspace       used 14688K, capacity 15120K, committed 15232K, reserved 1062912K
  class space    used 2046K, capacity 2164K, committed 2176K, reserved 1048576K
}
Event: 4.614 GC heap before
{Heap before GC invocations=5 (full 0):
 PSYoungGen      total 70656K, used 67267K [0x00000000e0000000, 0x00000000e4a00000, 0x0000000100000000)
  eden space 65536K, 94% used [0x00000000e0000000,0x00000000e3cb6c50,0x00000000e4000000)
  from space 5120K, 99% used [0x00000000e4500000,0x00000000e49fa020,0x00000000e4a00000)
  to   space 5120K, 0% used [0x00000000e4000000,0x00000000e4000000,0x00000000e4500000)
 ParOldGen       total 86016K, used 4324K [0x00000000a0000000, 0x00000000a5400000, 0x00000000e0000000)
  object space 86016K, 5% used [0x00000000a0000000,0x00000000a0439120,0x00000000a5400000)
 Metaspace       used 20665K, capacity 21182K, committed 21296K, reserved 1067008K
  class space    used 2973K, capacity 3133K, committed 3200K, reserved 1048576K
Event: 4.623 GC heap after
Heap after GC invocations=5 (full 0):
 PSYoungGen      total 70656K, used 5100K [0x00000000e0000000, 0x00000000e4a00000, 0x0000000100000000)
  eden space 65536K, 0% used [0x00000000e0000000,0x00000000e0000000,0x00000000e4000000)
  from space 5120K, 99% used [0x00000000e4000000,0x00000000e44fb070,0x00000000e4500000)
  to   space 5120K, 0% used [0x00000000e4500000,0x00000000e4500000,0x00000000e4a00000)
 ParOldGen       total 86016K, used 11738K [0x00000000a0000000, 0x00000000a5400000, 0x00000000e0000000)
  object space 86016K, 13% used [0x00000000a0000000,0x00000000a0b769c8,0x00000000a5400000)
 Metaspace       used 20665K, capacity 21182K, committed 21296K, reserved 1067008K
  class space    used 2973K, capacity 3133K, committed 3200K, reserved 1048576K
}
Event: 4.623 GC heap before
{Heap before GC invocations=6 (full 1):
 PSYoungGen      total 70656K, used 5100K [0x00000000e0000000, 0x00000000e4a00000, 0x0000000100000000)
  eden space 65536K, 0% used [0x00000000e0000000,0x00000000e0000000,0x00000000e4000000)
  from space 5120K, 99% used [0x00000000e4000000,0x00000000e44fb070,0x00000000e4500000)
  to   space 5120K, 0% used [0x00000000e4500000,0x00000000e4500000,0x00000000e4a00000)
 ParOldGen       total 86016K, used 11738K [0x00000000a0000000, 0x00000000a5400000, 0x00000000e0000000)
  object space 86016K, 13% used [0x00000000a0000000,0x00000000a0b769c8,0x00000000a5400000)
 Metaspace       used 20665K, capacity 21182K, committed 21296K, reserved 1067008K
  class space    used 2973K, capacity 3133K, committed 3200K, reserved 1048576K
Event: 4.662 GC heap after
Heap after GC invocations=6 (full 1):
 PSYoungGen      total 70656K, used 0K [0x00000000e0000000, 0x00000000e4a00000, 0x0000000100000000)
  eden space 65536K, 0% used [0x00000000e0000000,0x00000000e0000000,0x00000000e4000000)
  from space 5120K, 0% used [0x00000000e4000000,0x00000000e4000000,0x00000000e4500000)
  to   space 5120K, 0% used [0x00000000e4500000,0x00000000e4500000,0x00000000e4a00000)
 ParOldGen       total 64000K, used 12340K [0x00000000a0000000, 0x00000000a3e80000, 0x00000000e0000000)
  object space 64000K, 19% used [0x00000000a0000000,0x00000000a0c0d3d8,0x00000000a3e80000)
 Metaspace       used 20665K, capacity 21182K, committed 21296K, reserved 1067008K
  class space    used 2973K, capacity 3133K, committed 3200K, reserved 1048576K
}
Event: 5.357 GC heap before
{Heap before GC invocations=7 (full 1):
 PSYoungGen      total 70656K, used 65536K [0x00000000e0000000, 0x00000000e4a00000, 0x0000000100000000)
  eden space 65536K, 100% used [0x00000000e0000000,0x00000000e4000000,0x00000000e4000000)
  from space 5120K, 0% used [0x00000000e4000000,0x00000000e4000000,0x00000000e4500000)
  to   space 5120K, 0% used [0x00000000e4500000,0x00000000e4500000,0x00000000e4a00000)
 ParOldGen       total 64000K, used 12340K [0x00000000a0000000, 0x00000000a3e80000, 0x00000000e0000000)
  object space 64000K, 19% used [0x00000000a0000000,0x00000000a0c0d3d8,0x00000000a3e80000)
 Metaspace       used 29108K, capacity 29666K, committed 30080K, reserved 1075200K
  class space    used 3913K, capacity 4101K, committed 4224K, reserved 1048576K
Event: 5.362 GC heap after
Heap after GC invocations=7 (full 1):
 PSYoungGen      total 62976K, used 5099K [0x00000000e0000000, 0x00000000e8100000, 0x0000000100000000)
  eden space 57856K, 0% used [0x00000000e0000000,0x00000000e0000000,0x00000000e3880000)
  from space 5120K, 99% used [0x00000000e4500000,0x00000000e49facb0,0x00000000e4a00000)
  to   space 12800K, 0% used [0x00000000e3880000,0x00000000e3880000,0x00000000e4500000)
 ParOldGen       total 64000K, used 15368K [0x00000000a0000000, 0x00000000a3e80000, 0x00000000e0000000)
  object space 64000K, 24% used [0x00000000a0000000,0x00000000a0f02268,0x00000000a3e80000)
 Metaspace       used 29108K, capacity 29666K, committed 30080K, reserved 1075200K
  class space    used 3913K, capacity 4101K, committed 4224K, reserved 1048576K
}
Event: 5.787 GC heap before
{Heap before GC invocations=8 (full 1):
 PSYoungGen      total 62976K, used 62955K [0x00000000e0000000, 0x00000000e8100000, 0x0000000100000000)
  eden space 57856K, 100% used [0x00000000e0000000,0x00000000e3880000,0x00000000e3880000)
  from space 5120K, 99% used [0x00000000e4500000,0x00000000e49facb0,0x00000000e4a00000)
  to   space 12800K, 0% used [0x00000000e3880000,0x00000000e3880000,0x00000000e4500000)
 ParOldGen       total 64000K, used 15368K [0x00000000a0000000, 0x00000000a3e80000, 0x00000000e0000000)
  object space 64000K, 24% used [0x00000000a0000000,0x00000000a0f02268,0x00000000a3e80000)
 Metaspace       used 31785K, capacity 32384K, committed 32512K, reserved 1077248K
  class space    used 4350K, capacity 4559K, committed 4608K, reserved 1048576K
Event: 5.801 GC heap after
Heap after GC invocations=8 (full 1):
 PSYoungGen      total 70656K, used 7979K [0x00000000e0000000, 0x00000000e7780000, 0x0000000100000000)
  eden space 57856K, 0% used [0x00000000e0000000,0x00000000e0000000,0x00000000e3880000)
  from space 12800K, 62% used [0x00000000e3880000,0x00000000e404ae10,0x00000000e4500000)
  to   space 12288K, 0% used [0x00000000e6b80000,0x00000000e6b80000,0x00000000e7780000)
 ParOldGen       total 64000K, used 15376K [0x00000000a0000000, 0x00000000a3e80000, 0x00000000e0000000)
  object space 64000K, 24% used [0x00000000a0000000,0x00000000a0f04268,0x00000000a3e80000)
 Metaspace       used 31785K, capacity 32384K, committed 32512K, reserved 1077248K
  class space    used 4350K, capacity 4559K, committed 4608K, reserved 1048576K
}

