# JRE version: OpenJDK Runtime Environment (8.0_212-b04) (build 1.8.0_212-release-1586-b04)
# Java VM: OpenJDK 64-Bit Server VM (25.212-b04 mixed mode windows-amd64 compressed oops)
Heap:
 PSYoungGen      total 116224K, used 63110K [0x00000000e0000000, 0x00000000e8000000, 0x0000000100000000)
  eden space 104960K, 52% used [0x00000000e0000000,0x00000000e358b170,0x00000000e6680000)
  from space 11264K, 73% used [0x00000000e7200000,0x00000000e7a167f0,0x00000000e7d00000)
  to   space 11776K, 0% used [0x00000000e6680000,0x00000000e6680000,0x00000000e7200000)
 ParOldGen       total 59392K, used 9783K [0x00000000a0000000, 0x00000000a3a00000, 0x00000000e0000000)
  object space 59392K, 16% used [0x00000000a0000000,0x00000000a098dc70,0x00000000a3a00000)
 Metaspace       used 34410K, capacity 35254K, committed 35456K, reserved 1079296K
  class space    used 4706K, capacity 4924K, committed 4992K, reserved 1048576K
GC Heap History (10 events):
Event: 4.584 GC heap before
{Heap before GC invocations=5 (full 0):
 PSYoungGen      total 37888K, used 37864K [0x00000000e0000000, 0x00000000e2a00000, 0x0000000100000000)
  eden space 32768K, 100% used [0x00000000e0000000,0x00000000e2000000,0x00000000e2000000)
  from space 5120K, 99% used [0x00000000e2500000,0x00000000e29fa040,0x00000000e2a00000)
  to   space 5120K, 0% used [0x00000000e2000000,0x00000000e2000000,0x00000000e2500000)
 ParOldGen       total 86016K, used 4300K [0x00000000a0000000, 0x00000000a5400000, 0x00000000e0000000)
  object space 86016K, 4% used [0x00000000a0000000,0x00000000a0433128,0x00000000a5400000)
 Metaspace       used 17760K, capacity 18236K, committed 18432K, reserved 1064960K
  class space    used 2539K, capacity 2696K, committed 2816K, reserved 1048576K
Event: 4.596 GC heap after
Heap after GC invocations=5 (full 0):
 PSYoungGen      total 37888K, used 5096K [0x00000000e0000000, 0x00000000e5500000, 0x0000000100000000)
  eden space 32768K, 0% used [0x00000000e0000000,0x00000000e0000000,0x00000000e2000000)
  from space 5120K, 99% used [0x00000000e2000000,0x00000000e24fa040,0x00000000e2500000)
  to   space 10752K, 0% used [0x00000000e4a80000,0x00000000e4a80000,0x00000000e5500000)
 ParOldGen       total 86016K, used 8053K [0x00000000a0000000, 0x00000000a5400000, 0x00000000e0000000)
  object space 86016K, 9% used [0x00000000a0000000,0x00000000a07dd738,0x00000000a5400000)
 Metaspace       used 17760K, capacity 18236K, committed 18432K, reserved 1064960K
  class space    used 2539K, capacity 2696K, committed 2816K, reserved 1048576K
}
Event: 4.924 GC heap before
{Heap before GC invocations=6 (full 0):
 PSYoungGen      total 37888K, used 33176K [0x00000000e0000000, 0x00000000e5500000, 0x0000000100000000)
  eden space 32768K, 85% used [0x00000000e0000000,0x00000000e1b6c1b8,0x00000000e2000000)
  from space 5120K, 99% used [0x00000000e2000000,0x00000000e24fa040,0x00000000e2500000)
  to   space 10752K, 0% used [0x00000000e4a80000,0x00000000e4a80000,0x00000000e5500000)
 ParOldGen       total 86016K, used 8053K [0x00000000a0000000, 0x00000000a5400000, 0x00000000e0000000)
  object space 86016K, 9% used [0x00000000a0000000,0x00000000a07dd738,0x00000000a5400000)
 Metaspace       used 20665K, capacity 21182K, committed 21296K, reserved 1067008K
  class space    used 2973K, capacity 3133K, committed 3200K, reserved 1048576K
Event: 4.931 GC heap after
Heap after GC invocations=6 (full 0):
 PSYoungGen      total 75776K, used 8786K [0x00000000e0000000, 0x00000000e5600000, 0x0000000100000000)
  eden space 65024K, 0% used [0x00000000e0000000,0x00000000e0000000,0x00000000e3f80000)
  from space 10752K, 81% used [0x00000000e4a80000,0x00000000e5314a98,0x00000000e5500000)
  to   space 11264K, 0% used [0x00000000e3f80000,0x00000000e3f80000,0x00000000e4a80000)
 ParOldGen       total 86016K, used 8061K [0x00000000a0000000, 0x00000000a5400000, 0x00000000e0000000)
  object space 86016K, 9% used [0x00000000a0000000,0x00000000a07df738,0x00000000a5400000)
 Metaspace       used 20665K, capacity 21182K, committed 21296K, reserved 1067008K
  class space    used 2973K, capacity 3133K, committed 3200K, reserved 1048576K
}
Event: 4.931 GC heap before
{Heap before GC invocations=7 (full 1):
 PSYoungGen      total 75776K, used 8786K [0x00000000e0000000, 0x00000000e5600000, 0x0000000100000000)
  eden space 65024K, 0% used [0x00000000e0000000,0x00000000e0000000,0x00000000e3f80000)
  from space 10752K, 81% used [0x00000000e4a80000,0x00000000e5314a98,0x00000000e5500000)
  to   space 11264K, 0% used [0x00000000e3f80000,0x00000000e3f80000,0x00000000e4a80000)
 ParOldGen       total 86016K, used 8061K [0x00000000a0000000, 0x00000000a5400000, 0x00000000e0000000)
  object space 86016K, 9% used [0x00000000a0000000,0x00000000a07df738,0x00000000a5400000)
 Metaspace       used 20665K, capacity 21182K, committed 21296K, reserved 1067008K
  class space    used 2973K, capacity 3133K, committed 3200K, reserved 1048576K
Event: 4.977 GC heap after
Heap after GC invocations=7 (full 1):
 PSYoungGen      total 75776K, used 0K [0x00000000e0000000, 0x00000000e5600000, 0x0000000100000000)
  eden space 65024K, 0% used [0x00000000e0000000,0x00000000e0000000,0x00000000e3f80000)
  from space 10752K, 0% used [0x00000000e4a80000,0x00000000e4a80000,0x00000000e5500000)
  to   space 11264K, 0% used [0x00000000e3f80000,0x00000000e3f80000,0x00000000e4a80000)
 ParOldGen       total 59392K, used 9767K [0x00000000a0000000, 0x00000000a3a00000, 0x00000000e0000000)
  object space 59392K, 16% used [0x00000000a0000000,0x00000000a0989c70,0x00000000a3a00000)
 Metaspace       used 20665K, capacity 21182K, committed 21296K, reserved 1067008K
  class space    used 2973K, capacity 3133K, committed 3200K, reserved 1048576K
}
Event: 5.803 GC heap before
{Heap before GC invocations=8 (full 1):
 PSYoungGen      total 75776K, used 65024K [0x00000000e0000000, 0x00000000e5600000, 0x0000000100000000)
  eden space 65024K, 100% used [0x00000000e0000000,0x00000000e3f80000,0x00000000e3f80000)
  from space 10752K, 0% used [0x00000000e4a80000,0x00000000e4a80000,0x00000000e5500000)
  to   space 11264K, 0% used [0x00000000e3f80000,0x00000000e3f80000,0x00000000e4a80000)
 ParOldGen       total 59392K, used 9767K [0x00000000a0000000, 0x00000000a3a00000, 0x00000000e0000000)
  object space 59392K, 16% used [0x00000000a0000000,0x00000000a0989c70,0x00000000a3a00000)
 Metaspace       used 29089K, capacity 29628K, committed 29952K, reserved 1075200K
  class space    used 3904K, capacity 4067K, committed 4096K, reserved 1048576K
Event: 5.814 GC heap after
Heap after GC invocations=8 (full 1):
 PSYoungGen      total 76288K, used 7963K [0x00000000e0000000, 0x00000000e7d00000, 0x0000000100000000)
  eden space 65024K, 0% used [0x00000000e0000000,0x00000000e0000000,0x00000000e3f80000)
  from space 11264K, 70% used [0x00000000e3f80000,0x00000000e4746e18,0x00000000e4a80000)
  to   space 11264K, 0% used [0x00000000e7200000,0x00000000e7200000,0x00000000e7d00000)
 ParOldGen       total 59392K, used 9775K [0x00000000a0000000, 0x00000000a3a00000, 0x00000000e0000000)
  object space 59392K, 16% used [0x00000000a0000000,0x00000000a098bc70,0x00000000a3a00000)
 Metaspace       used 29089K, capacity 29628K, committed 29952K, reserved 1075200K
  class space    used 3904K, capacity 4067K, committed 4096K, reserved 1048576K
}
Event: 6.293 GC heap before
{Heap before GC invocations=9 (full 1):
 PSYoungGen      total 76288K, used 72987K [0x00000000e0000000, 0x00000000e7d00000, 0x0000000100000000)
  eden space 65024K, 100% used [0x00000000e0000000,0x00000000e3f80000,0x00000000e3f80000)
  from space 11264K, 70% used [0x00000000e3f80000,0x00000000e4746e18,0x00000000e4a80000)
  to   space 11264K, 0% used [0x00000000e7200000,0x00000000e7200000,0x00000000e7d00000)
 ParOldGen       total 59392K, used 9775K [0x00000000a0000000, 0x00000000a3a00000, 0x00000000e0000000)
  object space 59392K, 16% used [0x00000000a0000000,0x00000000a098bc70,0x00000000a3a00000)
 Metaspace       used 32073K, capacity 32672K, committed 32768K, reserved 1077248K
  class space    used 4383K, capacity 4591K, committed 4608K, reserved 1048576K
Event: 6.306 GC heap after
Heap after GC invocations=9 (full 1):
 PSYoungGen      total 116224K, used 8281K [0x00000000e0000000, 0x00000000e8000000, 0x0000000100000000)
  eden space 104960K, 0% used [0x00000000e0000000,0x00000000e0000000,0x00000000e6680000)
  from space 11264K, 73% used [0x00000000e7200000,0x00000000e7a167f0,0x00000000e7d00000)
  to   space 11776K, 0% used [0x00000000e6680000,0x00000000e6680000,0x00000000e7200000)
 ParOldGen       total 59392K, used 9783K [0x00000000a0000000, 0x00000000a3a00000, 0x00000000e0000000)
  object space 59392K, 16% used [0x00000000a0000000,0x00000000a098dc70,0x00000000a3a00000)
 Metaspace       used 32073K, capacity 32672K, committed 32768K, reserved 1077248K
  class space    used 4383K, capacity 4591K, committed 4608K, reserved 1048576K
}

